<?xml version="1.0" encoding="UTF-8"?>
<testng-results skipped="0" failed="0" total="2" passed="2">
  <reporter-output>
  </reporter-output>
  <suite name="TestAll" duration-ms="17785" started-at="2017-11-05T03:47:37Z" finished-at="2017-11-05T03:47:55Z">
    <groups>
    </groups>
    <test name="case1" duration-ms="17785" started-at="2017-11-05T03:47:37Z" finished-at="2017-11-05T03:47:55Z">
      <class name="com.guoyasoft.TwoTestNG">
        <test-method status="PASS" signature="openchorme()[pri:0, instance:com.guoyasoft.TwoTestNG@6faa3306]" name="openchorme" is-config="true" duration-ms="4340" started-at="2017-11-05T11:47:44Z" finished-at="2017-11-05T11:47:49Z">
          <reporter-output>
          </reporter-output>
        </test-method> <!-- openchorme -->
        <test-method status="PASS" signature="testbaidu()[pri:0, instance:com.guoyasoft.TwoTestNG@6faa3306]" name="testbaidu" duration-ms="4474" started-at="2017-11-05T11:47:49Z" finished-at="2017-11-05T11:47:53Z">
          <reporter-output>
          </reporter-output>
        </test-method> <!-- testbaidu -->
        <test-method status="PASS" signature="afterClass()[pri:0, instance:com.guoyasoft.TwoTestNG@6faa3306]" name="afterClass" is-config="true" duration-ms="1544" started-at="2017-11-05T11:47:53Z" finished-at="2017-11-05T11:47:55Z">
          <reporter-output>
          </reporter-output>
        </test-method> <!-- afterClass -->
      </class> <!-- com.guoyasoft.TwoTestNG -->
      <class name="com.guoyasoft.FirstTestNGTestTest">
        <test-method status="PASS" signature="openChrome()[pri:0, instance:com.guoyasoft.FirstTestNGTestTest@12bcb5a9]" name="openChrome" is-config="true" duration-ms="5621" started-at="2017-11-05T11:47:37Z" finished-at="2017-11-05T11:47:43Z">
          <reporter-output>
          </reporter-output>
        </test-method> <!-- openChrome -->
        <test-method status="PASS" signature="testlogin()[pri:0, instance:com.guoyasoft.FirstTestNGTestTest@12bcb5a9]" name="testlogin" duration-ms="471" started-at="2017-11-05T11:47:43Z" finished-at="2017-11-05T11:47:43Z">
          <reporter-output>
          </reporter-output>
        </test-method> <!-- testlogin -->
        <test-method status="PASS" signature="afterClass()[pri:0, instance:com.guoyasoft.FirstTestNGTestTest@12bcb5a9]" name="afterClass" is-config="true" duration-ms="1330" started-at="2017-11-05T11:47:43Z" finished-at="2017-11-05T11:47:44Z">
          <reporter-output>
          </reporter-output>
        </test-method> <!-- afterClass -->
      </class> <!-- com.guoyasoft.FirstTestNGTestTest -->
    </test> <!-- case1 -->
  </suite> <!-- TestAll -->
</testng-results>
